Xiaoshiji/app/manifest-merger-release-report.txt
-- Merging decision tree log ---
manifest
ADDED from AndroidManifest.xml:2:1
	package
		ADDED from AndroidManifest.xml:3:5
		INJECTED from AndroidManifest.xml:0:0
		INJECTED from AndroidManifest.xml:0:0
	android:versionName
		INJECTED from AndroidManifest.xml:0:0
		INJECTED from AndroidManifest.xml:0:0
	xmlns:android
		ADDED from AndroidManifest.xml:2:11
	android:versionCode
		INJECTED from AndroidManifest.xml:0:0
		INJECTED from AndroidManifest.xml:0:0
uses-permission#android.permission.INTERNET
ADDED from AndroidManifest.xml:5:5
	android:name
		ADDED from AndroidManifest.xml:5:22
uses-permission#android.permission.ACCESS_NETWORK_STATE
ADDED from AndroidManifest.xml:6:5
	android:name
		ADDED from AndroidManifest.xml:6:22
uses-permission#android.permission.ACCESS_WIFI_STATE
ADDED from AndroidManifest.xml:7:5
	android:name
		ADDED from AndroidManifest.xml:7:22
uses-permission#android.permission.WRITE_EXTERNAL_STORAGE
ADDED from AndroidManifest.xml:8:5
	android:name
		ADDED from AndroidManifest.xml:8:22
uses-permission#android.permission.READ_EXTERNAL_STORAGE
ADDED from AndroidManifest.xml:10:5
	android:name
		ADDED from AndroidManifest.xml:10:22
uses-permission#android.permission.READ_PHONE_STATE
ADDED from AndroidManifest.xml:11:5
	android:name
		ADDED from AndroidManifest.xml:11:22
uses-permission#android.permission.ACCESS_COARSE_LOCATION
ADDED from AndroidManifest.xml:12:5
	android:name
		ADDED from AndroidManifest.xml:12:22
uses-permission#android.permission.ACCESS_FINE_LOCATION
ADDED from AndroidManifest.xml:13:5
	android:name
		ADDED from AndroidManifest.xml:13:22
uses-permission#android.permission.CALL_PHONE
ADDED from AndroidManifest.xml:14:5
	android:name
		ADDED from AndroidManifest.xml:14:22
uses-permission#android.permission.CHANGE_WIFI_STATE
ADDED from AndroidManifest.xml:25:5
	android:name
		ADDED from AndroidManifest.xml:25:22
uses-permission#android.permission.CHANGE_NETWORK_STATE
ADDED from AndroidManifest.xml:29:5
	android:name
		ADDED from AndroidManifest.xml:29:22
application
ADDED from AndroidManifest.xml:33:5
MERGED from com.android.support:design:22.2.0:22:5
MERGED from com.android.support:appcompat-v7:22.2.0:22:5
MERGED from com.android.support:support-v4:22.2.0:22:5
MERGED from com.android.support:support-v4:22.2.0:22:5
MERGED from com.android.support:appcompat-v7:22.2.0:22:5
MERGED from com.android.support:support-v4:22.2.0:22:5
MERGED from com.android.support:cardview-v7:21.0.2:16:5
MERGED from com.melnykov:floatingactionbutton:1.2.0:12:5
MERGED from com.android.support:support-v4:22.2.0:22:5
MERGED from com.github.manuelpeinado.fadingactionbar:fadingactionbar-abc:3.1.2:6:5
MERGED from com.github.manuelpeinado.fadingactionbar:fadingactionbar:3.1.2:6:5
MERGED from com.android.support:appcompat-v7:22.2.0:22:5
MERGED from com.android.support:support-v4:22.2.0:22:5
MERGED from de.hdodenhof:circleimageview:1.2.2:9:5
MERGED from com.android.support:support-v4:22.2.0:22:5
MERGED from Xiaoshiji:timelytextview:unspecified:12:5
	android:label
		ADDED from AndroidManifest.xml:37:9
	xmlns:tools
		ADDED from com.github.manuelpeinado.fadingactionbar:fadingactionbar:3.1.2:6:18
	tools:ignore
		ADDED from com.github.manuelpeinado.fadingactionbar:fadingactionbar:3.1.2:6:65
	android:allowBackup
		ADDED from AndroidManifest.xml:35:9
	android:icon
		ADDED from AndroidManifest.xml:36:9
	android:theme
		ADDED from AndroidManifest.xml:38:9
	android:name
		ADDED from AndroidManifest.xml:34:9
meta-data#TencentMapSDK
ADDED from AndroidManifest.xml:39:9
	android:value
		ADDED from AndroidManifest.xml:41:13
	android:name
		ADDED from AndroidManifest.xml:40:13
activity#com.example.db.xiaoshiji.MainActivity
ADDED from AndroidManifest.xml:43:9
	android:label
		ADDED from AndroidManifest.xml:46:13
	android:icon
		ADDED from AndroidManifest.xml:45:13
	android:name
		ADDED from AndroidManifest.xml:44:13
intent-filter#android.intent.action.MAIN+android.intent.category.LAUNCHER
ADDED from AndroidManifest.xml:47:13
action#android.intent.action.MAIN
ADDED from AndroidManifest.xml:48:17
	android:name
		ADDED from AndroidManifest.xml:48:25
category#android.intent.category.LAUNCHER
ADDED from AndroidManifest.xml:50:17
	android:name
		ADDED from AndroidManifest.xml:50:27
activity#com.example.db.xiaoshiji.activity.ActivityPutForward
ADDED from AndroidManifest.xml:53:9
	android:label
		ADDED from AndroidManifest.xml:55:13
	android:name
		ADDED from AndroidManifest.xml:54:13
activity#com.example.db.xiaoshiji.activity.ActivityBringMeal
ADDED from AndroidManifest.xml:57:9
	android:label
		ADDED from AndroidManifest.xml:59:13
	android:name
		ADDED from AndroidManifest.xml:58:13
activity#com.example.db.xiaoshiji.activity.ActivityHelpDetails
ADDED from AndroidManifest.xml:61:9
	android:label
		ADDED from AndroidManifest.xml:63:13
	android:name
		ADDED from AndroidManifest.xml:62:13
activity#com.example.db.xiaoshiji.activity.ActivityPutLost
ADDED from AndroidManifest.xml:65:9
	android:label
		ADDED from AndroidManifest.xml:67:13
	android:name
		ADDED from AndroidManifest.xml:66:13
activity#com.example.db.xiaoshiji.activity.ActivityLost
ADDED from AndroidManifest.xml:69:9
	android:label
		ADDED from AndroidManifest.xml:71:13
	android:name
		ADDED from AndroidManifest.xml:70:13
activity#com.example.db.xiaoshiji.activity.ActivityLostDetails
ADDED from AndroidManifest.xml:73:9
	android:label
		ADDED from AndroidManifest.xml:75:13
	android:name
		ADDED from AndroidManifest.xml:74:13
activity#com.example.db.xiaoshiji.activity.ActivityFound
ADDED from AndroidManifest.xml:77:9
	android:label
		ADDED from AndroidManifest.xml:79:13
	android:name
		ADDED from AndroidManifest.xml:78:13
activity#com.example.db.xiaoshiji.activity.ActivityPutFound
ADDED from AndroidManifest.xml:81:9
	android:label
		ADDED from AndroidManifest.xml:83:13
	android:name
		ADDED from AndroidManifest.xml:82:13
activity#com.example.db.xiaoshiji.activity.ActivityFoundDetails
ADDED from AndroidManifest.xml:85:9
	android:label
		ADDED from AndroidManifest.xml:87:13
	android:name
		ADDED from AndroidManifest.xml:86:13
activity#com.example.db.xiaoshiji.activity.ActivitySignIn
ADDED from AndroidManifest.xml:89:9
	android:label
		ADDED from AndroidManifest.xml:91:13
	android:name
		ADDED from AndroidManifest.xml:90:13
activity#com.example.db.xiaoshiji.activity.ActivitySignUp
ADDED from AndroidManifest.xml:93:9
	android:label
		ADDED from AndroidManifest.xml:95:13
	android:name
		ADDED from AndroidManifest.xml:94:13
activity#drawer.MainActivity
ADDED from AndroidManifest.xml:97:9
	android:label
		ADDED from AndroidManifest.xml:98:13
	android:theme
		ADDED from AndroidManifest.xml:99:13
	android:name
		ADDED from AndroidManifest.xml:97:19
activity#com.example.db.xiaoshiji.activity.DiningRoomInfoActivity
ADDED from AndroidManifest.xml:101:9
	android:label
		ADDED from AndroidManifest.xml:103:13
	android:name
		ADDED from AndroidManifest.xml:102:13
activity#com.example.db.xiaoshiji.activity.DishesListActivity
ADDED from AndroidManifest.xml:105:9
	android:label
		ADDED from AndroidManifest.xml:107:13
	android:name
		ADDED from AndroidManifest.xml:106:13
activity#com.example.db.xiaoshiji.activity.DishesDetailActivity
ADDED from AndroidManifest.xml:109:9
	android:label
		ADDED from AndroidManifest.xml:111:13
	android:name
		ADDED from AndroidManifest.xml:110:13
activity#drawer.SettingsActivity
ADDED from AndroidManifest.xml:114:9
	android:name
		ADDED from AndroidManifest.xml:114:19
activity#com.example.db.xiaoshiji.activity.ActivityDiningRoomInfo
ADDED from AndroidManifest.xml:115:9
	android:label
		ADDED from AndroidManifest.xml:117:13
	android:name
		ADDED from AndroidManifest.xml:116:13
activity#com.example.db.xiaoshiji.activity.ActivityPersonMenu
ADDED from AndroidManifest.xml:119:9
	android:label
		ADDED from AndroidManifest.xml:121:13
	android:name
		ADDED from AndroidManifest.xml:120:13
activity#com.example.db.xiaoshiji.activity.ActivityMyNotice
ADDED from AndroidManifest.xml:123:9
	android:label
		ADDED from AndroidManifest.xml:125:13
	android:name
		ADDED from AndroidManifest.xml:124:13
uses-sdk
INJECTED from AndroidManifest.xml:0:0 reason: use-sdk injection requested
MERGED from com.android.support:design:22.2.0:20:5
MERGED from com.android.support:appcompat-v7:22.2.0:20:5
MERGED from com.android.support:support-v4:22.2.0:20:5
MERGED from com.android.support:support-v4:22.2.0:20:5
MERGED from com.android.support:appcompat-v7:22.2.0:20:5
MERGED from com.android.support:support-v4:22.2.0:20:5
MERGED from com.android.support:cardview-v7:21.0.2:15:5
MERGED from com.melnykov:floatingactionbutton:1.2.0:8:5
MERGED from com.android.support:recyclerview-v7:22.2.0:20:5
MERGED from com.android.support:support-v4:22.2.0:20:5
MERGED from com.github.manuelpeinado.fadingactionbar:fadingactionbar-abc:3.1.2:4:5
MERGED from com.github.manuelpeinado.fadingactionbar:fadingactionbar:3.1.2:4:5
MERGED from com.android.support:appcompat-v7:22.2.0:20:5
MERGED from com.android.support:support-v4:22.2.0:20:5
MERGED from de.hdodenhof:circleimageview:1.2.2:5:5
MERGED from com.android.support:recyclerview-v7:22.2.0:20:5
MERGED from com.android.support:support-v4:22.2.0:20:5
MERGED from Xiaoshiji:timelytextview:unspecified:8:5
	android:targetSdkVersion
		INJECTED from AndroidManifest.xml:0:0
		INJECTED from AndroidManifest.xml:0:0
	android:minSdkVersion
		INJECTED from AndroidManifest.xml:0:0
		INJECTED from AndroidManifest.xml:0:0